<?xml version="1.0" encoding="UTF-8"?>
<!-- Generated by org.testng.reporters.JUnitXMLReporter -->
<testsuite ignored="0" hostname="DESKTOP-IAADVH5" failures="1" tests="1" name="Default test" time="0.316" errors="0" timestamp="2025-03-12T15:56:33 IST">
  <testcase classname="io.cucumber.testng.AbstractTestNGCucumberTests" name="runScenario" time="0.095">
    <failure type="java.lang.NullPointerException" message="Cannot invoke &amp;quot;org.openqa.selenium.WebDriver.get(String)&amp;quot; because &amp;quot;Utility.Base1.driver&amp;quot; is null">
      <![CDATA[java.lang.NullPointerException: Cannot invoke "org.openqa.selenium.WebDriver.get(String)" because "Utility.Base1.driver" is null
at StepDef.ShoppingDemo.i_am_on_the_open_cart_homepage(ShoppingDemo.java:15)
at ✽.I am on the OpenCart homepage(file:///D:/Selenium%20Projects/ShoppingDemo/src/test/java/Features/Shopping.feature:4)
]]>
    </failure>
  </testcase> <!-- runScenario -->
</testsuite> <!-- Default test -->
