<?xml version="1.0" encoding="UTF-8"?>
<testng-results ignored="0" total="1" passed="0" failed="1" skipped="0">
  <reporter-output>
  </reporter-output>
  <suite started-at="2025-03-12T15:56:32 IST" name="Default suite" finished-at="2025-03-12T15:56:33 IST" duration-ms="316">
    <groups>
      <group name="cucumber">
        <method signature="AbstractTestNGCucumberTests.runScenario(io.cucumber.testng.PickleWrapper,io.cucumber.testng.FeatureWrapper)[pri:0, instance:StepDef.ShoppingRunner@524d6d96]" name="runScenario" class="io.cucumber.testng.AbstractTestNGCucumberTests"/>
      </group> <!-- cucumber -->
    </groups>
    <test started-at="2025-03-12T15:56:32 IST" name="Default test" finished-at="2025-03-12T15:56:33 IST" duration-ms="316">
      <class name="StepDef.ShoppingRunner">
        <test-method is-config="true" signature="setUpClass(org.testng.ITestContext)[pri:0, instance:StepDef.ShoppingRunner@524d6d96]" started-at="2025-03-12T15:56:32 IST" name="setUpClass" finished-at="2025-03-12T15:56:33 IST" duration-ms="169" status="PASS">
          <params>
            <param index="0">
              <value>
                <![CDATA[org.testng.TestRunner@1af687fe]]>
              </value>
            </param>
          </params>
          <reporter-output>
          </reporter-output>
        </test-method> <!-- setUpClass -->
        <test-method signature="runScenario(io.cucumber.testng.PickleWrapper,io.cucumber.testng.FeatureWrapper)[pri:0, instance:StepDef.ShoppingRunner@524d6d96]" started-at="2025-03-12T15:56:33 IST" name="runScenario" description="Runs Cucumber Scenarios" data-provider="scenarios" finished-at="2025-03-12T15:56:33 IST" duration-ms="95" status="FAIL">
          <params>
            <param index="0">
              <value>
                <![CDATA["Successfully purchase a product"]]>
              </value>
            </param>
            <param index="1">
              <value>
                <![CDATA["OpenCart Product Purchase"]]>
              </value>
            </param>
          </params>
          <exception class="java.lang.NullPointerException">
            <message>
              <![CDATA[Cannot invoke "org.openqa.selenium.WebDriver.get(String)" because "Utility.Base1.driver" is null]]>
            </message>
            <full-stacktrace>
              <![CDATA[java.lang.NullPointerException: Cannot invoke "org.openqa.selenium.WebDriver.get(String)" because "Utility.Base1.driver" is null
at StepDef.ShoppingDemo.i_am_on_the_open_cart_homepage(ShoppingDemo.java:15)
at ✽.I am on the OpenCart homepage(file:///D:/Selenium%20Projects/ShoppingDemo/src/test/java/Features/Shopping.feature:4)
]]>
            </full-stacktrace>
          </exception> <!-- java.lang.NullPointerException -->
          <reporter-output>
          </reporter-output>
        </test-method> <!-- runScenario -->
        <test-method is-config="true" signature="tearDownClass()[pri:0, instance:StepDef.ShoppingRunner@524d6d96]" started-at="2025-03-12T15:56:33 IST" name="tearDownClass" finished-at="2025-03-12T15:56:33 IST" duration-ms="5" status="PASS">
          <reporter-output>
          </reporter-output>
        </test-method> <!-- tearDownClass -->
      </class> <!-- StepDef.ShoppingRunner -->
    </test> <!-- Default test -->
  </suite> <!-- Default suite -->
</testng-results>
