<?xml version="1.0" encoding="UTF-8"?>
<!-- Generated by org.testng.reporters.JUnitReportReporter -->
<testsuite hostname="DESKTOP-IAADVH5" failures="0" tests="1" name="StepDef.ShoppingRunner" time="0.095" errors="1" timestamp="2025-03-12T15:56:33 IST" skipped="0">
  <testcase classname="StepDef.ShoppingRunner" name="runScenario" time="0.095">
    <error message="Cannot invoke &quot;org.openqa.selenium.WebDriver.get(String)&quot; because &quot;Utility.Base1.driver&quot; is null" type="java.lang.NullPointerException">
      <![CDATA[java.lang.NullPointerException: Cannot invoke "org.openqa.selenium.WebDriver.get(String)" because "Utility.Base1.driver" is null
at StepDef.ShoppingDemo.i_am_on_the_open_cart_homepage(ShoppingDemo.java:15)
at ✽.I am on the OpenCart homepage(file:///D:/Selenium%20Projects/ShoppingDemo/src/test/java/Features/Shopping.feature:4)
]]>
    </error>
  </testcase> <!-- runScenario -->
</testsuite> <!-- StepDef.ShoppingRunner -->
